I, [2015-11-25T00:49:24.188773 #6964]  INFO -- : Started GET "/" for 127.0.0.1 at 2015-11-25 00:49:24 +0900
F, [2015-11-25T00:49:24.198818 #6964] FATAL -- : 
ActionController::RoutingError (No route matches [GET] "/"):
  actionpack (4.2.5) lib/action_dispatch/middleware/debug_exceptions.rb:21:in `call'
  actionpack (4.2.5) lib/action_dispatch/middleware/show_exceptions.rb:30:in `call'
  railties (4.2.5) lib/rails/rack/logger.rb:38:in `call_app'
  railties (4.2.5) lib/rails/rack/logger.rb:20:in `block in call'
  activesupport (4.2.5) lib/active_support/tagged_logging.rb:68:in `block in tagged'
  activesupport (4.2.5) lib/active_support/tagged_logging.rb:26:in `tagged'
  activesupport (4.2.5) lib/active_support/tagged_logging.rb:68:in `tagged'
  railties (4.2.5) lib/rails/rack/logger.rb:20:in `call'
  actionpack (4.2.5) lib/action_dispatch/middleware/request_id.rb:21:in `call'
  rack (1.6.4) lib/rack/methodoverride.rb:22:in `call'
  rack (1.6.4) lib/rack/runtime.rb:18:in `call'
  activesupport (4.2.5) lib/active_support/cache/strategy/local_cache_middleware.rb:28:in `call'
  rack (1.6.4) lib/rack/sendfile.rb:113:in `call'
  railties (4.2.5) lib/rails/engine.rb:518:in `call'
  railties (4.2.5) lib/rails/application.rb:165:in `call'
  rack (1.6.4) lib/rack/lock.rb:17:in `call'
  rack (1.6.4) lib/rack/content_length.rb:15:in `call'
  rack (1.6.4) lib/rack/handler/webrick.rb:88:in `service'
  /root/.rbenv/versions/2.2.3/lib/ruby/2.2.0/webrick/httpserver.rb:138:in `service'
  /root/.rbenv/versions/2.2.3/lib/ruby/2.2.0/webrick/httpserver.rb:94:in `run'
  /root/.rbenv/versions/2.2.3/lib/ruby/2.2.0/webrick/server.rb:294:in `block in start_thread'


I, [2015-11-25T00:49:34.605344 #6964]  INFO -- : Started GET "/" for 127.0.0.1 at 2015-11-25 00:49:34 +0900
F, [2015-11-25T00:49:34.606562 #6964] FATAL -- : 
ActionController::RoutingError (No route matches [GET] "/"):
  actionpack (4.2.5) lib/action_dispatch/middleware/debug_exceptions.rb:21:in `call'
  actionpack (4.2.5) lib/action_dispatch/middleware/show_exceptions.rb:30:in `call'
  railties (4.2.5) lib/rails/rack/logger.rb:38:in `call_app'
  railties (4.2.5) lib/rails/rack/logger.rb:20:in `block in call'
  activesupport (4.2.5) lib/active_support/tagged_logging.rb:68:in `block in tagged'
  activesupport (4.2.5) lib/active_support/tagged_logging.rb:26:in `tagged'
  activesupport (4.2.5) lib/active_support/tagged_logging.rb:68:in `tagged'
  railties (4.2.5) lib/rails/rack/logger.rb:20:in `call'
  actionpack (4.2.5) lib/action_dispatch/middleware/request_id.rb:21:in `call'
  rack (1.6.4) lib/rack/methodoverride.rb:22:in `call'
  rack (1.6.4) lib/rack/runtime.rb:18:in `call'
  activesupport (4.2.5) lib/active_support/cache/strategy/local_cache_middleware.rb:28:in `call'
  rack (1.6.4) lib/rack/sendfile.rb:113:in `call'
  railties (4.2.5) lib/rails/engine.rb:518:in `call'
  railties (4.2.5) lib/rails/application.rb:165:in `call'
  rack (1.6.4) lib/rack/lock.rb:17:in `call'
  rack (1.6.4) lib/rack/content_length.rb:15:in `call'
  rack (1.6.4) lib/rack/handler/webrick.rb:88:in `service'
  /root/.rbenv/versions/2.2.3/lib/ruby/2.2.0/webrick/httpserver.rb:138:in `service'
  /root/.rbenv/versions/2.2.3/lib/ruby/2.2.0/webrick/httpserver.rb:94:in `run'
  /root/.rbenv/versions/2.2.3/lib/ruby/2.2.0/webrick/server.rb:294:in `block in start_thread'


I, [2015-11-25T00:50:22.066233 #7021]  INFO -- : Started GET "/staff" for 127.0.0.1 at 2015-11-25 00:50:22 +0900
I, [2015-11-25T00:50:22.077806 #7021]  INFO -- : Processing by Staff::TopController#index as HTML
I, [2015-11-25T00:50:22.106857 #7021]  INFO -- :   Rendered staff/top/index.html.erb within layouts/staff (1.3ms)
I, [2015-11-25T00:50:22.125624 #7021]  INFO -- :   Rendered shared/_header.html.erb (0.4ms)
I, [2015-11-25T00:50:22.141021 #7021]  INFO -- :   Rendered shared/_footer.html.erb (0.4ms)
I, [2015-11-25T00:50:22.141339 #7021]  INFO -- : Completed 200 OK in 63ms (Views: 57.0ms | ActiveRecord: 0.0ms)
I, [2015-11-25T00:50:22.194252 #7021]  INFO -- : Started GET "/assets/staff-28bb6f6640819a36f4a8bb03388914005aea74749abdbeb98d3cf19943dadee8.css" for 127.0.0.1 at 2015-11-25 00:50:22 +0900
F, [2015-11-25T00:50:22.196426 #7021] FATAL -- : 
ActionController::RoutingError (No route matches [GET] "/assets/staff-28bb6f6640819a36f4a8bb03388914005aea74749abdbeb98d3cf19943dadee8.css"):
  actionpack (4.2.5) lib/action_dispatch/middleware/debug_exceptions.rb:21:in `call'
  actionpack (4.2.5) lib/action_dispatch/middleware/show_exceptions.rb:30:in `call'
  railties (4.2.5) lib/rails/rack/logger.rb:38:in `call_app'
  railties (4.2.5) lib/rails/rack/logger.rb:20:in `block in call'
  activesupport (4.2.5) lib/active_support/tagged_logging.rb:68:in `block in tagged'
  activesupport (4.2.5) lib/active_support/tagged_logging.rb:26:in `tagged'
  activesupport (4.2.5) lib/active_support/tagged_logging.rb:68:in `tagged'
  railties (4.2.5) lib/rails/rack/logger.rb:20:in `call'
  actionpack (4.2.5) lib/action_dispatch/middleware/request_id.rb:21:in `call'
  rack (1.6.4) lib/rack/methodoverride.rb:22:in `call'
  rack (1.6.4) lib/rack/runtime.rb:18:in `call'
  activesupport (4.2.5) lib/active_support/cache/strategy/local_cache_middleware.rb:28:in `call'
  rack (1.6.4) lib/rack/sendfile.rb:113:in `call'
  railties (4.2.5) lib/rails/engine.rb:518:in `call'
  railties (4.2.5) lib/rails/application.rb:165:in `call'
  rack (1.6.4) lib/rack/lock.rb:17:in `call'
  rack (1.6.4) lib/rack/content_length.rb:15:in `call'
  rack (1.6.4) lib/rack/handler/webrick.rb:88:in `service'
  /root/.rbenv/versions/2.2.3/lib/ruby/2.2.0/webrick/httpserver.rb:138:in `service'
  /root/.rbenv/versions/2.2.3/lib/ruby/2.2.0/webrick/httpserver.rb:94:in `run'
  /root/.rbenv/versions/2.2.3/lib/ruby/2.2.0/webrick/server.rb:294:in `block in start_thread'


I, [2015-11-25T00:50:22.200381 #7021]  INFO -- : Started GET "/assets/application-d4d603d0ff049a3ecfbf019b468bf1a62a50b9fdafe41213c300fa071342b600.js" for 127.0.0.1 at 2015-11-25 00:50:22 +0900
F, [2015-11-25T00:50:22.201268 #7021] FATAL -- : 
ActionController::RoutingError (No route matches [GET] "/assets/application-d4d603d0ff049a3ecfbf019b468bf1a62a50b9fdafe41213c300fa071342b600.js"):
  actionpack (4.2.5) lib/action_dispatch/middleware/debug_exceptions.rb:21:in `call'
  actionpack (4.2.5) lib/action_dispatch/middleware/show_exceptions.rb:30:in `call'
  railties (4.2.5) lib/rails/rack/logger.rb:38:in `call_app'
  railties (4.2.5) lib/rails/rack/logger.rb:20:in `block in call'
  activesupport (4.2.5) lib/active_support/tagged_logging.rb:68:in `block in tagged'
  activesupport (4.2.5) lib/active_support/tagged_logging.rb:26:in `tagged'
  activesupport (4.2.5) lib/active_support/tagged_logging.rb:68:in `tagged'
  railties (4.2.5) lib/rails/rack/logger.rb:20:in `call'
  actionpack (4.2.5) lib/action_dispatch/middleware/request_id.rb:21:in `call'
  rack (1.6.4) lib/rack/methodoverride.rb:22:in `call'
  rack (1.6.4) lib/rack/runtime.rb:18:in `call'
  activesupport (4.2.5) lib/active_support/cache/strategy/local_cache_middleware.rb:28:in `call'
  rack (1.6.4) lib/rack/sendfile.rb:113:in `call'
  railties (4.2.5) lib/rails/engine.rb:518:in `call'
  railties (4.2.5) lib/rails/application.rb:165:in `call'
  rack (1.6.4) lib/rack/lock.rb:17:in `call'
  rack (1.6.4) lib/rack/content_length.rb:15:in `call'
  rack (1.6.4) lib/rack/handler/webrick.rb:88:in `service'
  /root/.rbenv/versions/2.2.3/lib/ruby/2.2.0/webrick/httpserver.rb:138:in `service'
  /root/.rbenv/versions/2.2.3/lib/ruby/2.2.0/webrick/httpserver.rb:94:in `run'
  /root/.rbenv/versions/2.2.3/lib/ruby/2.2.0/webrick/server.rb:294:in `block in start_thread'


I, [2015-11-25T00:52:38.316414 #7198]  INFO -- : Started GET "/staff" for 127.0.0.1 at 2015-11-25 00:52:38 +0900
I, [2015-11-25T00:52:38.326770 #7198]  INFO -- : Processing by Staff::TopController#index as HTML
I, [2015-11-25T00:52:38.337506 #7198]  INFO -- :   Rendered staff/top/index.html.erb within layouts/staff (0.4ms)
I, [2015-11-25T00:52:38.339081 #7198]  INFO -- :   Rendered shared/_header.html.erb (0.2ms)
I, [2015-11-25T00:52:38.339682 #7198]  INFO -- :   Rendered shared/_footer.html.erb (0.2ms)
I, [2015-11-25T00:52:38.339971 #7198]  INFO -- : Completed 200 OK in 13ms (Views: 6.5ms | ActiveRecord: 0.0ms)
I, [2015-11-25T00:52:38.381491 #7198]  INFO -- : Started GET "/assets/staff-28bb6f6640819a36f4a8bb03388914005aea74749abdbeb98d3cf19943dadee8.css" for 127.0.0.1 at 2015-11-25 00:52:38 +0900
F, [2015-11-25T00:52:38.384534 #7198] FATAL -- : 
ActionController::RoutingError (No route matches [GET] "/assets/staff-28bb6f6640819a36f4a8bb03388914005aea74749abdbeb98d3cf19943dadee8.css"):
  actionpack (4.2.5) lib/action_dispatch/middleware/debug_exceptions.rb:21:in `call'
  actionpack (4.2.5) lib/action_dispatch/middleware/show_exceptions.rb:30:in `call'
  railties (4.2.5) lib/rails/rack/logger.rb:38:in `call_app'
  railties (4.2.5) lib/rails/rack/logger.rb:20:in `block in call'
  activesupport (4.2.5) lib/active_support/tagged_logging.rb:68:in `block in tagged'
  activesupport (4.2.5) lib/active_support/tagged_logging.rb:26:in `tagged'
  activesupport (4.2.5) lib/active_support/tagged_logging.rb:68:in `tagged'
  railties (4.2.5) lib/rails/rack/logger.rb:20:in `call'
  actionpack (4.2.5) lib/action_dispatch/middleware/request_id.rb:21:in `call'
  rack (1.6.4) lib/rack/methodoverride.rb:22:in `call'
  rack (1.6.4) lib/rack/runtime.rb:18:in `call'
  activesupport (4.2.5) lib/active_support/cache/strategy/local_cache_middleware.rb:28:in `call'
  rack (1.6.4) lib/rack/sendfile.rb:113:in `call'
  railties (4.2.5) lib/rails/engine.rb:518:in `call'
  railties (4.2.5) lib/rails/application.rb:165:in `call'
  rack (1.6.4) lib/rack/lock.rb:17:in `call'
  rack (1.6.4) lib/rack/content_length.rb:15:in `call'
  rack (1.6.4) lib/rack/handler/webrick.rb:88:in `service'
  /root/.rbenv/versions/2.2.3/lib/ruby/2.2.0/webrick/httpserver.rb:138:in `service'
  /root/.rbenv/versions/2.2.3/lib/ruby/2.2.0/webrick/httpserver.rb:94:in `run'
  /root/.rbenv/versions/2.2.3/lib/ruby/2.2.0/webrick/server.rb:294:in `block in start_thread'


I, [2015-11-25T00:52:38.385977 #7198]  INFO -- : Started GET "/assets/application-d4d603d0ff049a3ecfbf019b468bf1a62a50b9fdafe41213c300fa071342b600.js" for 127.0.0.1 at 2015-11-25 00:52:38 +0900
F, [2015-11-25T00:52:38.387554 #7198] FATAL -- : 
ActionController::RoutingError (No route matches [GET] "/assets/application-d4d603d0ff049a3ecfbf019b468bf1a62a50b9fdafe41213c300fa071342b600.js"):
  actionpack (4.2.5) lib/action_dispatch/middleware/debug_exceptions.rb:21:in `call'
  actionpack (4.2.5) lib/action_dispatch/middleware/show_exceptions.rb:30:in `call'
  railties (4.2.5) lib/rails/rack/logger.rb:38:in `call_app'
  railties (4.2.5) lib/rails/rack/logger.rb:20:in `block in call'
  activesupport (4.2.5) lib/active_support/tagged_logging.rb:68:in `block in tagged'
  activesupport (4.2.5) lib/active_support/tagged_logging.rb:26:in `tagged'
  activesupport (4.2.5) lib/active_support/tagged_logging.rb:68:in `tagged'
  railties (4.2.5) lib/rails/rack/logger.rb:20:in `call'
  actionpack (4.2.5) lib/action_dispatch/middleware/request_id.rb:21:in `call'
  rack (1.6.4) lib/rack/methodoverride.rb:22:in `call'
  rack (1.6.4) lib/rack/runtime.rb:18:in `call'
  activesupport (4.2.5) lib/active_support/cache/strategy/local_cache_middleware.rb:28:in `call'
  rack (1.6.4) lib/rack/sendfile.rb:113:in `call'
  railties (4.2.5) lib/rails/engine.rb:518:in `call'
  railties (4.2.5) lib/rails/application.rb:165:in `call'
  rack (1.6.4) lib/rack/lock.rb:17:in `call'
  rack (1.6.4) lib/rack/content_length.rb:15:in `call'
  rack (1.6.4) lib/rack/handler/webrick.rb:88:in `service'
  /root/.rbenv/versions/2.2.3/lib/ruby/2.2.0/webrick/httpserver.rb:138:in `service'
  /root/.rbenv/versions/2.2.3/lib/ruby/2.2.0/webrick/httpserver.rb:94:in `run'
  /root/.rbenv/versions/2.2.3/lib/ruby/2.2.0/webrick/server.rb:294:in `block in start_thread'


I, [2015-11-25T00:52:39.595658 #7198]  INFO -- : Started GET "/staff" for 127.0.0.1 at 2015-11-25 00:52:39 +0900
I, [2015-11-25T00:52:39.597045 #7198]  INFO -- : Processing by Staff::TopController#index as HTML
I, [2015-11-25T00:52:39.598681 #7198]  INFO -- :   Rendered staff/top/index.html.erb within layouts/staff (0.1ms)
I, [2015-11-25T00:52:39.599459 #7198]  INFO -- :   Rendered shared/_header.html.erb (0.0ms)
I, [2015-11-25T00:52:39.599999 #7198]  INFO -- :   Rendered shared/_footer.html.erb (0.0ms)
I, [2015-11-25T00:52:39.600246 #7198]  INFO -- : Completed 200 OK in 3ms (Views: 2.4ms | ActiveRecord: 0.0ms)
I, [2015-11-25T00:52:39.629770 #7198]  INFO -- : Started GET "/assets/staff-28bb6f6640819a36f4a8bb03388914005aea74749abdbeb98d3cf19943dadee8.css" for 127.0.0.1 at 2015-11-25 00:52:39 +0900
F, [2015-11-25T00:52:39.634324 #7198] FATAL -- : 
ActionController::RoutingError (No route matches [GET] "/assets/staff-28bb6f6640819a36f4a8bb03388914005aea74749abdbeb98d3cf19943dadee8.css"):
  actionpack (4.2.5) lib/action_dispatch/middleware/debug_exceptions.rb:21:in `call'
  actionpack (4.2.5) lib/action_dispatch/middleware/show_exceptions.rb:30:in `call'
  railties (4.2.5) lib/rails/rack/logger.rb:38:in `call_app'
  railties (4.2.5) lib/rails/rack/logger.rb:20:in `block in call'
  activesupport (4.2.5) lib/active_support/tagged_logging.rb:68:in `block in tagged'
  activesupport (4.2.5) lib/active_support/tagged_logging.rb:26:in `tagged'
  activesupport (4.2.5) lib/active_support/tagged_logging.rb:68:in `tagged'
  railties (4.2.5) lib/rails/rack/logger.rb:20:in `call'
  actionpack (4.2.5) lib/action_dispatch/middleware/request_id.rb:21:in `call'
  rack (1.6.4) lib/rack/methodoverride.rb:22:in `call'
  rack (1.6.4) lib/rack/runtime.rb:18:in `call'
  activesupport (4.2.5) lib/active_support/cache/strategy/local_cache_middleware.rb:28:in `call'
  rack (1.6.4) lib/rack/sendfile.rb:113:in `call'
  railties (4.2.5) lib/rails/engine.rb:518:in `call'
  railties (4.2.5) lib/rails/application.rb:165:in `call'
  rack (1.6.4) lib/rack/lock.rb:17:in `call'
  rack (1.6.4) lib/rack/content_length.rb:15:in `call'
  rack (1.6.4) lib/rack/handler/webrick.rb:88:in `service'
  /root/.rbenv/versions/2.2.3/lib/ruby/2.2.0/webrick/httpserver.rb:138:in `service'
  /root/.rbenv/versions/2.2.3/lib/ruby/2.2.0/webrick/httpserver.rb:94:in `run'
  /root/.rbenv/versions/2.2.3/lib/ruby/2.2.0/webrick/server.rb:294:in `block in start_thread'


I, [2015-11-25T00:52:39.636111 #7198]  INFO -- : Started GET "/assets/application-d4d603d0ff049a3ecfbf019b468bf1a62a50b9fdafe41213c300fa071342b600.js" for 127.0.0.1 at 2015-11-25 00:52:39 +0900
F, [2015-11-25T00:52:39.637903 #7198] FATAL -- : 
ActionController::RoutingError (No route matches [GET] "/assets/application-d4d603d0ff049a3ecfbf019b468bf1a62a50b9fdafe41213c300fa071342b600.js"):
  actionpack (4.2.5) lib/action_dispatch/middleware/debug_exceptions.rb:21:in `call'
  actionpack (4.2.5) lib/action_dispatch/middleware/show_exceptions.rb:30:in `call'
  railties (4.2.5) lib/rails/rack/logger.rb:38:in `call_app'
  railties (4.2.5) lib/rails/rack/logger.rb:20:in `block in call'
  activesupport (4.2.5) lib/active_support/tagged_logging.rb:68:in `block in tagged'
  activesupport (4.2.5) lib/active_support/tagged_logging.rb:26:in `tagged'
  activesupport (4.2.5) lib/active_support/tagged_logging.rb:68:in `tagged'
  railties (4.2.5) lib/rails/rack/logger.rb:20:in `call'
  actionpack (4.2.5) lib/action_dispatch/middleware/request_id.rb:21:in `call'
  rack (1.6.4) lib/rack/methodoverride.rb:22:in `call'
  rack (1.6.4) lib/rack/runtime.rb:18:in `call'
  activesupport (4.2.5) lib/active_support/cache/strategy/local_cache_middleware.rb:28:in `call'
  rack (1.6.4) lib/rack/sendfile.rb:113:in `call'
  railties (4.2.5) lib/rails/engine.rb:518:in `call'
  railties (4.2.5) lib/rails/application.rb:165:in `call'
  rack (1.6.4) lib/rack/lock.rb:17:in `call'
  rack (1.6.4) lib/rack/content_length.rb:15:in `call'
  rack (1.6.4) lib/rack/handler/webrick.rb:88:in `service'
  /root/.rbenv/versions/2.2.3/lib/ruby/2.2.0/webrick/httpserver.rb:138:in `service'
  /root/.rbenv/versions/2.2.3/lib/ruby/2.2.0/webrick/httpserver.rb:94:in `run'
  /root/.rbenv/versions/2.2.3/lib/ruby/2.2.0/webrick/server.rb:294:in `block in start_thread'


I, [2015-11-25T00:52:40.862113 #7198]  INFO -- : Started GET "/staff" for 127.0.0.1 at 2015-11-25 00:52:40 +0900
I, [2015-11-25T00:52:40.863236 #7198]  INFO -- : Processing by Staff::TopController#index as HTML
I, [2015-11-25T00:52:40.864552 #7198]  INFO -- :   Rendered staff/top/index.html.erb within layouts/staff (0.1ms)
I, [2015-11-25T00:52:40.865528 #7198]  INFO -- :   Rendered shared/_header.html.erb (0.0ms)
I, [2015-11-25T00:52:40.865785 #7198]  INFO -- :   Rendered shared/_footer.html.erb (0.0ms)
I, [2015-11-25T00:52:40.866229 #7198]  INFO -- : Completed 200 OK in 3ms (Views: 1.9ms | ActiveRecord: 0.0ms)
I, [2015-11-25T00:52:40.910421 #7198]  INFO -- : Started GET "/assets/staff-28bb6f6640819a36f4a8bb03388914005aea74749abdbeb98d3cf19943dadee8.css" for 127.0.0.1 at 2015-11-25 00:52:40 +0900
F, [2015-11-25T00:52:40.913785 #7198] FATAL -- : 
ActionController::RoutingError (No route matches [GET] "/assets/staff-28bb6f6640819a36f4a8bb03388914005aea74749abdbeb98d3cf19943dadee8.css"):
  actionpack (4.2.5) lib/action_dispatch/middleware/debug_exceptions.rb:21:in `call'
  actionpack (4.2.5) lib/action_dispatch/middleware/show_exceptions.rb:30:in `call'
  railties (4.2.5) lib/rails/rack/logger.rb:38:in `call_app'
  railties (4.2.5) lib/rails/rack/logger.rb:20:in `block in call'
  activesupport (4.2.5) lib/active_support/tagged_logging.rb:68:in `block in tagged'
  activesupport (4.2.5) lib/active_support/tagged_logging.rb:26:in `tagged'
  activesupport (4.2.5) lib/active_support/tagged_logging.rb:68:in `tagged'
  railties (4.2.5) lib/rails/rack/logger.rb:20:in `call'
  actionpack (4.2.5) lib/action_dispatch/middleware/request_id.rb:21:in `call'
  rack (1.6.4) lib/rack/methodoverride.rb:22:in `call'
  rack (1.6.4) lib/rack/runtime.rb:18:in `call'
  activesupport (4.2.5) lib/active_support/cache/strategy/local_cache_middleware.rb:28:in `call'
  rack (1.6.4) lib/rack/sendfile.rb:113:in `call'
  railties (4.2.5) lib/rails/engine.rb:518:in `call'
  railties (4.2.5) lib/rails/application.rb:165:in `call'
  rack (1.6.4) lib/rack/lock.rb:17:in `call'
  rack (1.6.4) lib/rack/content_length.rb:15:in `call'
  rack (1.6.4) lib/rack/handler/webrick.rb:88:in `service'
  /root/.rbenv/versions/2.2.3/lib/ruby/2.2.0/webrick/httpserver.rb:138:in `service'
  /root/.rbenv/versions/2.2.3/lib/ruby/2.2.0/webrick/httpserver.rb:94:in `run'
  /root/.rbenv/versions/2.2.3/lib/ruby/2.2.0/webrick/server.rb:294:in `block in start_thread'


I, [2015-11-25T00:52:40.914585 #7198]  INFO -- : Started GET "/assets/application-d4d603d0ff049a3ecfbf019b468bf1a62a50b9fdafe41213c300fa071342b600.js" for 127.0.0.1 at 2015-11-25 00:52:40 +0900
F, [2015-11-25T00:52:40.916518 #7198] FATAL -- : 
ActionController::RoutingError (No route matches [GET] "/assets/application-d4d603d0ff049a3ecfbf019b468bf1a62a50b9fdafe41213c300fa071342b600.js"):
  actionpack (4.2.5) lib/action_dispatch/middleware/debug_exceptions.rb:21:in `call'
  actionpack (4.2.5) lib/action_dispatch/middleware/show_exceptions.rb:30:in `call'
  railties (4.2.5) lib/rails/rack/logger.rb:38:in `call_app'
  railties (4.2.5) lib/rails/rack/logger.rb:20:in `block in call'
  activesupport (4.2.5) lib/active_support/tagged_logging.rb:68:in `block in tagged'
  activesupport (4.2.5) lib/active_support/tagged_logging.rb:26:in `tagged'
  activesupport (4.2.5) lib/active_support/tagged_logging.rb:68:in `tagged'
  railties (4.2.5) lib/rails/rack/logger.rb:20:in `call'
  actionpack (4.2.5) lib/action_dispatch/middleware/request_id.rb:21:in `call'
  rack (1.6.4) lib/rack/methodoverride.rb:22:in `call'
  rack (1.6.4) lib/rack/runtime.rb:18:in `call'
  activesupport (4.2.5) lib/active_support/cache/strategy/local_cache_middleware.rb:28:in `call'
  rack (1.6.4) lib/rack/sendfile.rb:113:in `call'
  railties (4.2.5) lib/rails/engine.rb:518:in `call'
  railties (4.2.5) lib/rails/application.rb:165:in `call'
  rack (1.6.4) lib/rack/lock.rb:17:in `call'
  rack (1.6.4) lib/rack/content_length.rb:15:in `call'
  rack (1.6.4) lib/rack/handler/webrick.rb:88:in `service'
  /root/.rbenv/versions/2.2.3/lib/ruby/2.2.0/webrick/httpserver.rb:138:in `service'
  /root/.rbenv/versions/2.2.3/lib/ruby/2.2.0/webrick/httpserver.rb:94:in `run'
  /root/.rbenv/versions/2.2.3/lib/ruby/2.2.0/webrick/server.rb:294:in `block in start_thread'


